Arguments: 
  C:\Program Files\nodejs\node.exe C:\Users\johnm\AppData\Roaming\npm\node_modules\yarn\bin\yarn.js run build

PATH: 
  C:\Program Files (x86)\Intel\iCLS Client\;C:\Program Files\Intel\iCLS Client\;C:\WINDOWS\system32;C:\WINDOWS;C:\WINDOWS\System32\Wbem;C:\WINDOWS\System32\WindowsPowerShell\v1.0\;C:\Program Files (x86)\Intel\Intel(R) Management Engine Components\DAL;C:\Program Files\Intel\Intel(R) Management Engine Components\DAL;C:\Program Files (x86)\Intel\Intel(R) Management Engine Components\IPT;C:\Program Files\Intel\Intel(R) Management Engine Components\IPT;C:\Program Files\Git\cmd;C:\Program Files (x86)\Heroku\bin;C:\Program Files (x86)\git\cmd;C:\Program Files (x86)\Git\cmd;C:\Program Files\nodejs\;C:\Program Files\MongoDB\Server\3.4\bin;C:\Users\johnm\AppData\Roaming\npm;C:\Users\johnm\AppData\Local\Microsoft\WindowsApps;C:\Program Files\MySQL\MySQL Server 5.7\bin;C:\Program Files\Heroku\bin;;C:\Program Files\Microsoft VS Code\bin

Yarn version: 
  1.5.1

Node version: 
  6.9.1

Platform: 
  win32 x64

npm manifest: 
  {
    "name": "face-in-photo",
    "version": "1.0.0",
    "description": "",
    "main": "server.js",
    "dependencies": {
      "axios": "^0.18.0",
      "body-parser": "^1.18.2",
      "express": "^4.16.3",
      "mongoose": "^5.0.13"
    },
    "devDependencies": {},
    "scripts": {
      "test": "echo \"Error: no test specified\" && exit 1",
      "start": "node server.js"
    },
    "repository": {
      "type": "git",
      "url": "git+https://github.com/johnmolin91/face-in-photo.git"
    },
    "author": "",
    "license": "ISC",
    "bugs": {
      "url": "https://github.com/johnmolin91/face-in-photo/issues"
    },
    "homepage": "https://github.com/johnmolin91/face-in-photo#readme"
  }

yarn manifest: 
  No manifest

Lockfile: 
  No lockfile

Trace: 
  Error: Command "build" not found.
      at MessageError.Error (native)
      at new MessageError (C:\Users\johnm\AppData\Roaming\npm\node_modules\yarn\lib\cli.js:186:110)
      at C:\Users\johnm\AppData\Roaming\npm\node_modules\yarn\lib\cli.js:87307:17
      at next (native)
      at step (C:\Users\johnm\AppData\Roaming\npm\node_modules\yarn\lib\cli.js:98:30)
      at C:\Users\johnm\AppData\Roaming\npm\node_modules\yarn\lib\cli.js:116:14
      at Promise.F (C:\Users\johnm\AppData\Roaming\npm\node_modules\yarn\lib\cli.js:23451:28)
      at C:\Users\johnm\AppData\Roaming\npm\node_modules\yarn\lib\cli.js:95:12
      at runCommand (C:\Users\johnm\AppData\Roaming\npm\node_modules\yarn\lib\cli.js:87312:22)
      at Object.<anonymous> (C:\Users\johnm\AppData\Roaming\npm\node_modules\yarn\lib\cli.js:87412:14)
